<html>
<head>
<title>TestNG:  Default test</title>
<link href="../testng.css" rel="stylesheet" type="text/css" />
<link href="../my-testng.css" rel="stylesheet" type="text/css" />

<style type="text/css">
.log { display: none;} 
.stack-trace { display: none;} 
</style>
<script type="text/javascript">
<!--
function flip(e) {
  current = e.style.display;
  if (current == 'block') {
    e.style.display = 'none';
    return 0;
  }
  else {
    e.style.display = 'block';
    return 1;
  }
}

function toggleBox(szDivId, elem, msg1, msg2)
{
  var res = -1;  if (document.getElementById) {
    res = flip(document.getElementById(szDivId));
  }
  else if (document.all) {
    // this is the way old msie versions work
    res = flip(document.all[szDivId]);
  }
  if(elem) {
    if(res == 0) elem.innerHTML = msg1; else elem.innerHTML = msg2;
  }

}

function toggleAllBoxes() {
  if (document.getElementsByTagName) {
    d = document.getElementsByTagName('div');
    for (i = 0; i < d.length; i++) {
      if (d[i].className == 'log') {
        flip(d[i]);
      }
    }
  }
}

// -->
</script>

</head>
<body>
<h2 align='center'>Default test</h2><table border='1' align="center">
<tr>
<td>Tests passed/Failed/Skipped:</td><td>5/1/0</td>
</tr><tr>
<td>Started on:</td><td>Fri Sep 27 16:28:08 IST 2024</td>
</tr>
<tr><td>Total time:</td><td>129 seconds (129390 ms)</td>
</tr><tr>
<td>Included groups:</td><td></td>
</tr><tr>
<td>Excluded groups:</td><td></td>
</tr>
</table><p/>
<small><i>(Hover the method name to see the test class name)</i></small><p/>
<table width='100%' border='1' class='invocation-failed'>
<tr><td colspan='4' align='center'><b>FAILED TESTS</b></td></tr>
<tr><td><b>Test method</b></td>
<td><b>Attribute(s)</b></td>
<td width="30%"><b>Exception</b></td>
<td width="10%"><b>Time (seconds)</b></td>
<td><b>Instance</b></td>
</tr>
<tr>
<td title='Demo.TAMSProject.TAMSDashboard.cardblockswithSelectionsValidation()'><b>cardblockswithSelectionsValidation</b><br>Test class: Demo.TAMSProject.TAMSDashboard<br/>
<a href="#Output-803378780" onClick='toggleBox("Output-803378780", this, "Show output", "Hide output");'>Show output</a>

<a href="#Output-803378780" onClick="toggleAllBoxes();">Show all outputs</a>
<div class='log' id="Output-803378780">
Message<br/>
Card Blocks verification started<br/>
Agent selected is :Super  Administrator space check<br/>
Expected : Docket Actual : Docket<br/>
--  Dockets Table Header1 is : PNR # Expected is : PNR #<br/>
--  Dockets Table Header1 is : Contact Name Expected is : Contact Name<br/>
--  Dockets TablesearchPlaceHolder is : Contact Name Expected is : Contact Name<br/>
--  Dockets Table Header1 is : Airline Expected is : Airline<br/>
--  Dockets Table Header1 is : Agent Expected is : Agent<br/>
--  Dockets Table Header1 is : Sales Price ($) Expected is : Sales Price ($)<br/>
--  Dockets Table Header1 is : Cost Price ($) Expected is : Cost Price ($)<br/>
--  Dockets Table Header1 is : Commision Price($) Expected is : Commision Price($)<br/>
--  Dockets Table Header1 is : Payment Status Expected is : Payment Status<br/>
------  Next button is not enabled by default showing Last page results<br/>
------  Navigation Next is Verified<br/>
------  Previous button is not enabled by default showing 1st page results<br/>
------  Navigation Previous is Verified<br/>
Expected : Contacts Actual : Contacts<br/>
--  Contacts Table Header1 is : PNR Expected is : PNR<br/>
--  Contacts Table Header1 is : Contact Name Expected is : Contact Name<br/>
--  Contacts Table Header1 is : Email Expected is : Email<br/>
--  Contacts Table Header1 is : Mobile Expected is : Mobile<br/>
--  Contacts Table Header1 is : State Expected is : State<br/>
--  Contacts Table Header1 is : Country Expected is : Country<br/>
------  Next button is not enabled by default showing Last page results<br/>
------  Navigation Next is Verified<br/>
------  Previous button is not enabled by default showing 1st page results<br/>
------  Navigation Previous is Verified<br/>
Expected : Passengers Actual : Passengers<br/>
--  Passenger Table Header1 is : PNR Expected is : PNR<br/>
--  Passengers Table Header1 is : Passenger Name Expected is : Passenger Name<br/>
--  Passengers Table Header1 is : Date of Birth Expected is : Date of Birth<br/>
--  Passengers Table Header1 is : Email Expected is : Email<br/>
--  Passengers Table Header1 is : Mobile Expected is : Mobile<br/>
------  Next button is not enabled by default showing Last page results<br/>
------  Navigation Next is Verified<br/>
------  Previous button is not enabled by default showing 1st page results<br/>
------  Navigation Previous is Verified<br/>
Expected : Docket Actual : Docket<br/>
--  Dockets Table Header1 is : PNR # Expected is : PNR #<br/>
--  Dockets Table Header1 is : Contact Name Expected is : Contact Name<br/>
--  Dockets TablesearchPlaceHolder is : Contact Name Expected is : Contact Name<br/>
--  Dockets Table Header1 is : Airline Expected is : Airline<br/>
--  Dockets Table Header1 is : Agent Expected is : Agent<br/>
--  Dockets Table Header1 is : Sales Price ($) Expected is : Sales Price ($)<br/>
--  Dockets Table Header1 is : Cost Price ($) Expected is : Cost Price ($)<br/>
--  Dockets Table Header1 is : Commision Price($) Expected is : Commision Price($)<br/>
--  Dockets Table Header1 is : Payment Status Expected is : Payment Status<br/>
------  Next button is not enabled by default showing Last page results<br/>
------  Navigation Next is Verified<br/>
------  Previous button is not enabled by default showing 1st page results<br/>
------  Navigation Previous is Verified<br/>
Expected : Docket Actual : Docket<br/>
--  Dockets Table Header1 is : PNR # Expected is : PNR #<br/>
--  Dockets Table Header1 is : Contact Name Expected is : Contact Name<br/>
--  Dockets TablesearchPlaceHolder is : Contact Name Expected is : Contact Name<br/>
--  Dockets Table Header1 is : Airline Expected is : Airline<br/>
--  Dockets Table Header1 is : Agent Expected is : Agent<br/>
--  Dockets Table Header1 is : Sales Price ($) Expected is : Sales Price ($)<br/>
--  Dockets Table Header1 is : Cost Price ($) Expected is : Cost Price ($)<br/>
--  Dockets Table Header1 is : Commision Price($) Expected is : Commision Price($)<br/>
--  Dockets Table Header1 is : Payment Status Expected is : Payment Status<br/>
------  Next button is not enabled by default showing Last page results<br/>
------  Navigation Next is Verified<br/>
------  Previous button is not enabled by default showing 1st page results<br/>
------  Navigation Previous is Verified<br/>
Expected : Docket Actual : Docket<br/>
--  Dockets Table Header1 is : PNR # Expected is : PNR #<br/>
--  Dockets Table Header1 is : Contact Name Expected is : Contact Name<br/>
--  Dockets TablesearchPlaceHolder is : Contact Name Expected is : Contact Name<br/>
--  Dockets Table Header1 is : Airline Expected is : Airline<br/>
--  Dockets Table Header1 is : Agent Expected is : Agent<br/>
--  Dockets Table Header1 is : Sales Price ($) Expected is : Sales Price ($)<br/>
--  Dockets Table Header1 is : Cost Price ($) Expected is : Cost Price ($)<br/>
--  Dockets Table Header1 is : Commision Price($) Expected is : Commision Price($)<br/>
--  Dockets Table Header1 is : Payment Status Expected is : Payment Status<br/>
------  Next button is not enabled by default showing Last page results<br/>
------  Navigation Next is Verified<br/>
</div>
</td>
<td><div><pre>org.openqa.selenium.StaleElementReferenceException: stale element reference: stale element not found in the current frame
  (Session info: chrome=129.0.6668.60)
For documentation on this error, please visit: https://www.selenium.dev/documentation/webdriver/troubleshooting/errors#stale-element-reference-exception
Build info: version: &apos;4.25.0&apos;, revision: &apos;8a8aea2337&apos;
System info: os.name: &apos;Windows 11&apos;, os.arch: &apos;amd64&apos;, os.version: &apos;10.0&apos;, java.version: &apos;17.0.7&apos;
Driver info: org.openqa.selenium.chrome.ChromeDriver
Command: [aa9fa60aec1787ee650e0e084ed3d6a6, clickElement {id=f.E065DC7D16412B4670C1EDCA6F63288A.d.8F1C36D1CA8E827ADE5765C0EAB31E5C.e.1027}]
Capabilities {acceptInsecureCerts: false, browserName: chrome, browserVersion: 129.0.6668.60, chrome: {chromedriverVersion: 129.0.6668.70 (df87d5cf12b1..., userDataDir: C:\Users\leela\AppData\Loca...}, fedcm:accounts: true, goog:chromeOptions: {debuggerAddress: localhost:63744}, networkConnectionEnabled: false, pageLoadStrategy: normal, platformName: windows, proxy: Proxy(), se:cdp: ws://localhost:63744/devtoo..., se:cdpVersion: 129.0.6668.60, setWindowRect: true, strictFileInteractability: false, timeouts: {implicit: 0, pageLoad: 300000, script: 30000}, unhandledPromptBehavior: dismiss and notify, webauthn:extension:credBlob: true, webauthn:extension:largeBlob: true, webauthn:extension:minPinLength: true, webauthn:extension:prf: true, webauthn:virtualAuthenticators: true}
Element: [[ChromeDriver: chrome on windows (aa9fa60aec1787ee650e0e084ed3d6a6)] -&gt; xpath: //a[@data-dt-idx]]
Session ID: aa9fa60aec1787ee650e0e084ed3d6a6
	at java.base/jdk.internal.reflect.NativeConstructorAccessorImpl.newInstance0(Native Method)
	at java.base/jdk.internal.reflect.NativeConstructorAccessorImpl.newInstance(NativeConstructorAccessorImpl.java:77)
	at java.base/jdk.internal.reflect.DelegatingConstructorAccessorImpl.newInstance(DelegatingConstructorAccessorImpl.java:45)
	at java.base/java.lang.reflect.Constructor.newInstanceWithCaller(Constructor.java:499)
	at java.base/java.lang.reflect.Constructor.newInstance(Constructor.java:480)
	at org.openqa.selenium.remote.ErrorCodec.decode(ErrorCodec.java:167)
	at org.openqa.selenium.remote.codec.w3c.W3CHttpResponseCodec.decode(W3CHttpResponseCodec.java:138)
	at org.openqa.selenium.remote.codec.w3c.W3CHttpResponseCodec.decode(W3CHttpResponseCodec.java:50)
	at org.openqa.selenium.remote.HttpCommandExecutor.execute(HttpCommandExecutor.java:190)
	at org.openqa.selenium.remote.service.DriverCommandExecutor.invokeExecute(DriverCommandExecutor.java:216)
	at org.openqa.selenium.remote.service.DriverCommandExecutor.execute(DriverCommandExecutor.java:174)
	at org.openqa.selenium.remote.RemoteWebDriver.execute(RemoteWebDriver.java:545)
	at org.openqa.selenium.remote.RemoteWebElement.execute(RemoteWebElement.java:223)
	at org.openqa.selenium.remote.RemoteWebElement.click(RemoteWebElement.java:76)
	at Demo.TAMSProject.TAMSDashboard.pagenavigatebuttons(TAMSDashboard.java:404)
	at Demo.TAMSProject.TAMSDashboard.Dockettableverification(TAMSDashboard.java:318)
	at Demo.TAMSProject.TAMSDashboard.cardblockswithSelectionsValidation(TAMSDashboard.java:271)
	at java.base/jdk.internal.reflect.NativeMethodAccessorImpl.invoke0(Native Method)
	at java.base/jdk.internal.reflect.NativeMethodAccessorImpl.invoke(NativeMethodAccessorImpl.java:77)
	at java.base/jdk.internal.reflect.DelegatingMethodAccessorImpl.invoke(DelegatingMethodAccessorImpl.java:43)
	at java.base/java.lang.reflect.Method.invoke(Method.java:568)
	at org.testng.internal.invokers.MethodInvocationHelper.invokeMethod(MethodInvocationHelper.java:141)
	at org.testng.internal.invokers.TestInvoker.invokeMethod(TestInvoker.java:686)
	at org.testng.internal.invokers.TestInvoker.invokeTestMethod(TestInvoker.java:230)
	at org.testng.internal.invokers.MethodRunner.runInSequence(MethodRunner.java:63)
	at org.testng.internal.invokers.TestInvoker$MethodInvocationAgent.invoke(TestInvoker.java:992)
	at org.testng.internal.invokers.TestInvoker.invokeTestMethods(TestInvoker.java:203)
	at org.testng.internal.invokers.TestMethodWorker.invokeTestMethods(TestMethodWorker.java:154)
	at org.testng.internal.invokers.TestMethodWorker.run(TestMethodWorker.java:134)
	at java.base/java.util.ArrayList.forEach(ArrayList.java:1511)
	at org.testng.TestRunner.privateRun(TestRunner.java:739)
	at org.testng.TestRunner.run(TestRunner.java:614)
	at org.testng.SuiteRunner.runTest(SuiteRunner.java:421)
	at org.testng.SuiteRunner.runSequentially(SuiteRunner.java:413)
	at org.testng.SuiteRunner.privateRun(SuiteRunner.java:373)
	at org.testng.SuiteRunner.run(SuiteRunner.java:312)
	at org.testng.SuiteRunnerWorker.runSuite(SuiteRunnerWorker.java:52)
	at org.testng.SuiteRunnerWorker.run(SuiteRunnerWorker.java:95)
	at org.testng.TestNG.runSuitesSequentially(TestNG.java:1274)
	at org.testng.TestNG.runSuitesLocally(TestNG.java:1208)
	at org.testng.TestNG.runSuites(TestNG.java:1112)
	at org.testng.TestNG.run(TestNG.java:1079)
	at org.testng.remote.AbstractRemoteTestNG.run(AbstractRemoteTestNG.java:115)
	at org.testng.remote.RemoteTestNG.initAndRun(RemoteTestNG.java:293)
	at org.testng.remote.RemoteTestNG.main(RemoteTestNG.java:91)
</pre></div><a href='#' onClick='toggleBox("stack-trace803378780", this, "Click to show all stack frames", "Click to hide stack frames")'>Click to show all stack frames</a>
<div class='stack-trace' id='stack-trace803378780'><pre>org.openqa.selenium.StaleElementReferenceException: stale element reference: stale element not found in the current frame
  (Session info: chrome=129.0.6668.60)
For documentation on this error, please visit: https://www.selenium.dev/documentation/webdriver/troubleshooting/errors#stale-element-reference-exception
Build info: version: &apos;4.25.0&apos;, revision: &apos;8a8aea2337&apos;
System info: os.name: &apos;Windows 11&apos;, os.arch: &apos;amd64&apos;, os.version: &apos;10.0&apos;, java.version: &apos;17.0.7&apos;
Driver info: org.openqa.selenium.chrome.ChromeDriver
Command: [aa9fa60aec1787ee650e0e084ed3d6a6, clickElement {id=f.E065DC7D16412B4670C1EDCA6F63288A.d.8F1C36D1CA8E827ADE5765C0EAB31E5C.e.1027}]
Capabilities {acceptInsecureCerts: false, browserName: chrome, browserVersion: 129.0.6668.60, chrome: {chromedriverVersion: 129.0.6668.70 (df87d5cf12b1..., userDataDir: C:\Users\leela\AppData\Loca...}, fedcm:accounts: true, goog:chromeOptions: {debuggerAddress: localhost:63744}, networkConnectionEnabled: false, pageLoadStrategy: normal, platformName: windows, proxy: Proxy(), se:cdp: ws://localhost:63744/devtoo..., se:cdpVersion: 129.0.6668.60, setWindowRect: true, strictFileInteractability: false, timeouts: {implicit: 0, pageLoad: 300000, script: 30000}, unhandledPromptBehavior: dismiss and notify, webauthn:extension:credBlob: true, webauthn:extension:largeBlob: true, webauthn:extension:minPinLength: true, webauthn:extension:prf: true, webauthn:virtualAuthenticators: true}
Element: [[ChromeDriver: chrome on windows (aa9fa60aec1787ee650e0e084ed3d6a6)] -&gt; xpath: //a[@data-dt-idx]]
Session ID: aa9fa60aec1787ee650e0e084ed3d6a6
	at java.base/jdk.internal.reflect.NativeConstructorAccessorImpl.newInstance0(Native Method)
	at java.base/jdk.internal.reflect.NativeConstructorAccessorImpl.newInstance(NativeConstructorAccessorImpl.java:77)
	at java.base/jdk.internal.reflect.DelegatingConstructorAccessorImpl.newInstance(DelegatingConstructorAccessorImpl.java:45)
	at java.base/java.lang.reflect.Constructor.newInstanceWithCaller(Constructor.java:499)
	at java.base/java.lang.reflect.Constructor.newInstance(Constructor.java:480)
	at org.openqa.selenium.remote.ErrorCodec.decode(ErrorCodec.java:167)
	at org.openqa.selenium.remote.codec.w3c.W3CHttpResponseCodec.decode(W3CHttpResponseCodec.java:138)
	at org.openqa.selenium.remote.codec.w3c.W3CHttpResponseCodec.decode(W3CHttpResponseCodec.java:50)
	at org.openqa.selenium.remote.HttpCommandExecutor.execute(HttpCommandExecutor.java:190)
	at org.openqa.selenium.remote.service.DriverCommandExecutor.invokeExecute(DriverCommandExecutor.java:216)
	at org.openqa.selenium.remote.service.DriverCommandExecutor.execute(DriverCommandExecutor.java:174)
	at org.openqa.selenium.remote.RemoteWebDriver.execute(RemoteWebDriver.java:545)
	at org.openqa.selenium.remote.RemoteWebElement.execute(RemoteWebElement.java:223)
	at org.openqa.selenium.remote.RemoteWebElement.click(RemoteWebElement.java:76)
	at Demo.TAMSProject.TAMSDashboard.pagenavigatebuttons(TAMSDashboard.java:404)
	at Demo.TAMSProject.TAMSDashboard.Dockettableverification(TAMSDashboard.java:318)
	at Demo.TAMSProject.TAMSDashboard.cardblockswithSelectionsValidation(TAMSDashboard.java:271)
	at java.base/jdk.internal.reflect.NativeMethodAccessorImpl.invoke0(Native Method)
	at java.base/jdk.internal.reflect.NativeMethodAccessorImpl.invoke(NativeMethodAccessorImpl.java:77)
	at java.base/jdk.internal.reflect.DelegatingMethodAccessorImpl.invoke(DelegatingMethodAccessorImpl.java:43)
	at java.base/java.lang.reflect.Method.invoke(Method.java:568)
	at org.testng.internal.invokers.MethodInvocationHelper.invokeMethod(MethodInvocationHelper.java:141)
	at org.testng.internal.invokers.TestInvoker.invokeMethod(TestInvoker.java:686)
	at org.testng.internal.invokers.TestInvoker.invokeTestMethod(TestInvoker.java:230)
	at org.testng.internal.invokers.MethodRunner.runInSequence(MethodRunner.java:63)
	at org.testng.internal.invokers.TestInvoker$MethodInvocationAgent.invoke(TestInvoker.java:992)
	at org.testng.internal.invokers.TestInvoker.invokeTestMethods(TestInvoker.java:203)
	at org.testng.internal.invokers.TestMethodWorker.invokeTestMethods(TestMethodWorker.java:154)
	at org.testng.internal.invokers.TestMethodWorker.run(TestMethodWorker.java:134)
	at java.base/java.util.ArrayList.forEach(ArrayList.java:1511)
	at org.testng.TestRunner.privateRun(TestRunner.java:739)
	at org.testng.TestRunner.run(TestRunner.java:614)
	at org.testng.SuiteRunner.runTest(SuiteRunner.java:421)
	at org.testng.SuiteRunner.runSequentially(SuiteRunner.java:413)
	at org.testng.SuiteRunner.privateRun(SuiteRunner.java:373)
	at org.testng.SuiteRunner.run(SuiteRunner.java:312)
	at org.testng.SuiteRunnerWorker.runSuite(SuiteRunnerWorker.java:52)
	at org.testng.SuiteRunnerWorker.run(SuiteRunnerWorker.java:95)
	at org.testng.TestNG.runSuitesSequentially(TestNG.java:1274)
	at org.testng.TestNG.runSuitesLocally(TestNG.java:1208)
	at org.testng.TestNG.runSuites(TestNG.java:1112)
	at org.testng.TestNG.run(TestNG.java:1079)
	at org.testng.remote.AbstractRemoteTestNG.run(AbstractRemoteTestNG.java:115)
	at org.testng.remote.RemoteTestNG.initAndRun(RemoteTestNG.java:293)
	at org.testng.remote.RemoteTestNG.main(RemoteTestNG.java:91)
</pre></div></td>
<td>84</td>
<td>Demo.TAMSProject.TAMSDashboard@1e6a3214</td></tr>
</table><p>
<table width='100%' border='1' class='invocation-passed'>
<tr><td colspan='4' align='center'><b>PASSED TESTS</b></td></tr>
<tr><td><b>Test method</b></td>
<td><b>Attribute(s)</b></td>
<td width="30%"><b>Exception</b></td>
<td width="10%"><b>Time (seconds)</b></td>
<td><b>Instance</b></td>
</tr>
<tr>
<td title='Demo.TAMSProject.TAMSDashboard.Agent_Airline_Daterange_SelectionsValidation()'><b>Agent_Airline_Daterange_SelectionsValidation</b><br>Test class: Demo.TAMSProject.TAMSDashboard<br/>
<a href="#Output-1540219992" onClick='toggleBox("Output-1540219992", this, "Show output", "Hide output");'>Show output</a>

<a href="#Output-1540219992" onClick="toggleAllBoxes();">Show all outputs</a>
<div class='log' id="Output-1540219992">
Message<br/>
Agent selected is :Super  Administrator space check<br/>
The Default Dockets are21,180Dockets count after the selections is 0<br/>
The Default Dockets are21,180Dockets count after the reset is 21,180<br/>
</div>
</td>
<td></td>
<td>18</td>
<td>Demo.TAMSProject.TAMSDashboard@1e6a3214</td></tr>
<tr>
<td title='Demo.TAMSProject.TAMSDashboard.zoomout75()'><b>zoomout75</b><br>Test class: Demo.TAMSProject.TAMSDashboard<br/>
<a href="#Output-763610533" onClick='toggleBox("Output-763610533", this, "Show output", "Hide output");'>Show output</a>

<a href="#Output-763610533" onClick="toggleAllBoxes();">Show all outputs</a>
<div class='log' id="Output-763610533">
The Browser is zoomed out to 75% for entire website visibility<br/>
</div>
</td>
<td></td>
<td>0</td>
<td>Demo.TAMSProject.TAMSDashboard@1e6a3214</td></tr>
<tr>
<td title='Demo.TAMSProject.TAMSDashboard.weblaunch()'><b>weblaunch</b><br>Test class: Demo.TAMSProject.TAMSDashboard<br/>
<a href="#Output-841537936" onClick='toggleBox("Output-841537936", this, "Show output", "Hide output");'>Show output</a>

<a href="#Output-841537936" onClick="toggleAllBoxes();">Show all outputs</a>
<div class='log' id="Output-841537936">
Message<br/>
Web Launched and Website is loaded the logo image is displayed<br/>
</div>
</td>
<td></td>
<td>13</td>
<td>Demo.TAMSProject.TAMSDashboard@1e6a3214</td></tr>
<tr>
<td title='Demo.TAMSProject.TAMSDashboard.login()'><b>login</b><br>Test class: Demo.TAMSProject.TAMSDashboard<br/>
<a href="#Output-1625901537" onClick='toggleBox("Output-1625901537", this, "Show output", "Hide output");'>Show output</a>

<a href="#Output-1625901537" onClick="toggleAllBoxes();">Show all outputs</a>
<div class='log' id="Output-1625901537">
Login is succesful and User entered the TAMS Dashobaord<br/>
</div>
</td>
<td></td>
<td>10</td>
<td>Demo.TAMSProject.TAMSDashboard@1e6a3214</td></tr>
<tr>
<td title='Demo.TAMSProject.TAMSDashboard.dashboardvalidation()'><b>dashboardvalidation</b><br>Test class: Demo.TAMSProject.TAMSDashboard<br/>
<a href="#Output-763236610" onClick='toggleBox("Output-763236610", this, "Show output", "Hide output");'>Show output</a>

<a href="#Output-763236610" onClick="toggleAllBoxes();">Show all outputs</a>
<div class='log' id="Output-763236610">
Message<br/>
Card Block 1 is verified with :Dockets<br/>
Card Block 2 is verified with :Contacts<br/>
Card Block 3 is verified with :Passengers<br/>
Card Block 4 is verified with :Cost Price<br/>
Card Block 5 is verified with :Sale Price<br/>
Card Block 6 is verified with :Commission<br/>
Card Block 7 is verified with :Payments Done<br/>
Card Block 8 is verified with :Pending Payments<br/>
Dash Board Legend Text is verified with :Refine By<br/>
Select Bar presence following Agent text is verified<br/>
Select Bar presence following Airlines text is verified<br/>
Presence of Date Range text is verified<br/>
Presence of Input following the Date Range text is verified<br/>
The Base Structure is verified<br/>
</div>
</td>
<td></td>
<td>1</td>
<td>Demo.TAMSProject.TAMSDashboard@1e6a3214</td></tr>
</table><p>
</body>
</html>